[2025-07-20 00:40:12:499] [32mINFO [0;39m [35m17008[0;39m [2m---[0;39m [2m[kground-preinit][0;39m [36mo.h.validator.internal.util.Version     [0;39m [2m:[0;39m HV000001: Hibernate Validator 8.0.1.Final
[2025-07-20 00:40:12:540] [32mINFO [0;39m [35m17008[0;39m [2m---[0;39m [2m[           main][0;39m [36mI.integration.IntegrationApplication    [0;39m [2m:[0;39m Starting IntegrationApplication using Java 17.0.12 with PID 17008 (C:\Users\tooth47348\Downloads\integration\integration\backend\build\classes\java\main started by tooth47348 in C:\Users\tooth47348\Downloads\integration\integration\backend)
[2025-07-20 00:40:12:540] [32mINFO [0;39m [35m17008[0;39m [2m---[0;39m [2m[           main][0;39m [36mI.integration.IntegrationApplication    [0;39m [2m:[0;39m No active profile set, falling back to 1 default profile: "default"
[2025-07-20 00:40:12:1233] [32mINFO [0;39m [35m17008[0;39m [2m---[0;39m [2m[           main][0;39m [36m.s.d.r.c.RepositoryConfigurationDelegate[0;39m [2m:[0;39m Multiple Spring Data modules found, entering strict repository configuration mode
[2025-07-20 00:40:12:1235] [32mINFO [0;39m [35m17008[0;39m [2m---[0;39m [2m[           main][0;39m [36m.s.d.r.c.RepositoryConfigurationDelegate[0;39m [2m:[0;39m Bootstrapping Spring Data JPA repositories in DEFAULT mode.
[2025-07-20 00:40:12:1352] [32mINFO [0;39m [35m17008[0;39m [2m---[0;39m [2m[           main][0;39m [36m.s.d.r.c.RepositoryConfigurationDelegate[0;39m [2m:[0;39m Finished Spring Data repository scanning in 111 ms. Found 1 JPA repository interface.
[2025-07-20 00:40:12:1365] [32mINFO [0;39m [35m17008[0;39m [2m---[0;39m [2m[           main][0;39m [36m.s.d.r.c.RepositoryConfigurationDelegate[0;39m [2m:[0;39m Multiple Spring Data modules found, entering strict repository configuration mode
[2025-07-20 00:40:12:1365] [32mINFO [0;39m [35m17008[0;39m [2m---[0;39m [2m[           main][0;39m [36m.s.d.r.c.RepositoryConfigurationDelegate[0;39m [2m:[0;39m Bootstrapping Spring Data Redis repositories in DEFAULT mode.
[2025-07-20 00:40:12:1378] [32mINFO [0;39m [35m17008[0;39m [2m---[0;39m [2m[           main][0;39m [36m.RepositoryConfigurationExtensionSupport[0;39m [2m:[0;39m Spring Data Redis - Could not safely identify store assignment for repository candidate interface Integration.integration.repository.UsersRepository; If you want this repository to be a Redis repository, consider annotating your entities with one of these annotations: org.springframework.data.redis.core.RedisHash (preferred), or consider extending one of the following types with your repository: org.springframework.data.keyvalue.repository.KeyValueRepository
[2025-07-20 00:40:12:1378] [32mINFO [0;39m [35m17008[0;39m [2m---[0;39m [2m[           main][0;39m [36m.s.d.r.c.RepositoryConfigurationDelegate[0;39m [2m:[0;39m Finished Spring Data repository scanning in 3 ms. Found 0 Redis repository interfaces.
[2025-07-20 00:40:13:1765] [32mINFO [0;39m [35m17008[0;39m [2m---[0;39m [2m[           main][0;39m [36mo.s.b.w.e.tomcat.TomcatWebServer        [0;39m [2m:[0;39m Tomcat initialized with port 8080 (http)
[2025-07-20 00:40:13:1774] [32mINFO [0;39m [35m17008[0;39m [2m---[0;39m [2m[           main][0;39m [36mo.a.coyote.http11.Http11NioProtocol     [0;39m [2m:[0;39m Initializing ProtocolHandler ["http-nio-8080"]
[2025-07-20 00:40:13:1775] [32mINFO [0;39m [35m17008[0;39m [2m---[0;39m [2m[           main][0;39m [36mo.a.catalina.core.StandardService       [0;39m [2m:[0;39m Starting service [Tomcat]
[2025-07-20 00:40:13:1775] [32mINFO [0;39m [35m17008[0;39m [2m---[0;39m [2m[           main][0;39m [36mo.a.catalina.core.StandardEngine        [0;39m [2m:[0;39m Starting Servlet engine: [Apache Tomcat/10.1.42]
[2025-07-20 00:40:13:1827] [32mINFO [0;39m [35m17008[0;39m [2m---[0;39m [2m[           main][0;39m [36mo.a.c.c.C.[Tomcat].[localhost].[/]      [0;39m [2m:[0;39m Initializing Spring embedded WebApplicationContext
[2025-07-20 00:40:13:1828] [32mINFO [0;39m [35m17008[0;39m [2m---[0;39m [2m[           main][0;39m [36mw.s.c.ServletWebServerApplicationContext[0;39m [2m:[0;39m Root WebApplicationContext: initialization completed in 1258 ms
[2025-07-20 00:40:13:1949] [32mINFO [0;39m [35m17008[0;39m [2m---[0;39m [2m[           main][0;39m [36mo.h.jpa.internal.util.LogHelper         [0;39m [2m:[0;39m HHH000204: Processing PersistenceUnitInfo [name: default]
[2025-07-20 00:40:13:2000] [32mINFO [0;39m [35m17008[0;39m [2m---[0;39m [2m[           main][0;39m [36morg.hibernate.Version                   [0;39m [2m:[0;39m HHH000412: Hibernate ORM core version 6.6.18.Final
[2025-07-20 00:40:13:2032] [32mINFO [0;39m [35m17008[0;39m [2m---[0;39m [2m[           main][0;39m [36mo.h.c.i.RegionFactoryInitiator          [0;39m [2m:[0;39m HHH000026: Second-level cache disabled
[2025-07-20 00:40:13:2267] [32mINFO [0;39m [35m17008[0;39m [2m---[0;39m [2m[           main][0;39m [36mo.s.o.j.p.SpringPersistenceUnitInfo     [0;39m [2m:[0;39m No LoadTimeWeaver setup: ignoring JPA class transformer
[2025-07-20 00:40:13:2292] [32mINFO [0;39m [35m17008[0;39m [2m---[0;39m [2m[           main][0;39m [36mcom.zaxxer.hikari.HikariDataSource      [0;39m [2m:[0;39m HikariPool-1 - Starting...
[2025-07-20 00:40:13:2427] [32mINFO [0;39m [35m17008[0;39m [2m---[0;39m [2m[           main][0;39m [36mcom.zaxxer.hikari.pool.HikariPool       [0;39m [2m:[0;39m HikariPool-1 - Added connection org.postgresql.jdbc.PgConnection@ca2be53
[2025-07-20 00:40:13:2428] [32mINFO [0;39m [35m17008[0;39m [2m---[0;39m [2m[           main][0;39m [36mcom.zaxxer.hikari.HikariDataSource      [0;39m [2m:[0;39m HikariPool-1 - Start completed.
[2025-07-20 00:40:14:2474] [33mWARN [0;39m [35m17008[0;39m [2m---[0;39m [2m[           main][0;39m [36morg.hibernate.orm.deprecation           [0;39m [2m:[0;39m HHH90000025: PostgreSQLDialect does not need to be specified explicitly using 'hibernate.dialect' (remove the property setting and it will be selected by default)
[2025-07-20 00:40:14:2492] [32mINFO [0;39m [35m17008[0;39m [2m---[0;39m [2m[           main][0;39m [36mo.hibernate.orm.connections.pooling     [0;39m [2m:[0;39m HHH10001005: Database info:
	Database JDBC URL [Connecting through datasource 'HikariDataSource (HikariPool-1)']
	Database driver: undefined/unknown
	Database version: 17.5
	Autocommit mode: undefined/unknown
	Isolation level: undefined/unknown
	Minimum pool size: undefined/unknown
	Maximum pool size: undefined/unknown
[2025-07-20 00:40:14:3138] [32mINFO [0;39m [35m17008[0;39m [2m---[0;39m [2m[           main][0;39m [36mo.h.e.t.j.p.i.JtaPlatformInitiator      [0;39m [2m:[0;39m HHH000489: No JTA platform available (set 'hibernate.transaction.jta.platform' to enable JTA platform integration)
[2025-07-20 00:40:14:3183] [32mINFO [0;39m [35m17008[0;39m [2m---[0;39m [2m[           main][0;39m [36mj.LocalContainerEntityManagerFactoryBean[0;39m [2m:[0;39m Initialized JPA EntityManagerFactory for persistence unit 'default'
[2025-07-20 00:40:14:3189] [33mWARN [0;39m [35m17008[0;39m [2m---[0;39m [2m[           main][0;39m [36mConfigServletWebServerApplicationContext[0;39m [2m:[0;39m Exception encountered during context initialization - cancelling refresh attempt: org.springframework.beans.factory.UnsatisfiedDependencyException: Error creating bean with name 'securityConfig' defined in file [C:\Users\tooth47348\Downloads\integration\integration\backend\build\classes\java\main\Integration\integration\config\SecurityConfig.class]: Unsatisfied dependency expressed through constructor parameter 0: Error creating bean with name 'jwtTokenProvider': Injection of autowired dependencies failed
[2025-07-20 00:40:14:3189] [32mINFO [0;39m [35m17008[0;39m [2m---[0;39m [2m[           main][0;39m [36mj.LocalContainerEntityManagerFactoryBean[0;39m [2m:[0;39m Closing JPA EntityManagerFactory for persistence unit 'default'
[2025-07-20 00:40:14:3192] [32mINFO [0;39m [35m17008[0;39m [2m---[0;39m [2m[           main][0;39m [36mcom.zaxxer.hikari.HikariDataSource      [0;39m [2m:[0;39m HikariPool-1 - Shutdown initiated...
[2025-07-20 00:40:14:3194] [32mINFO [0;39m [35m17008[0;39m [2m---[0;39m [2m[           main][0;39m [36mcom.zaxxer.hikari.HikariDataSource      [0;39m [2m:[0;39m HikariPool-1 - Shutdown completed.
[2025-07-20 00:40:14:3195] [32mINFO [0;39m [35m17008[0;39m [2m---[0;39m [2m[           main][0;39m [36mo.a.catalina.core.StandardService       [0;39m [2m:[0;39m Stopping service [Tomcat]
[2025-07-20 00:40:14:3202] [32mINFO [0;39m [35m17008[0;39m [2m---[0;39m [2m[           main][0;39m [36m.s.b.a.l.ConditionEvaluationReportLogger[0;39m [2m:[0;39m 

Error starting ApplicationContext. To display the condition evaluation report re-run your application with 'debug' enabled.
[2025-07-20 00:40:14:3214] [31mERROR[0;39m [35m17008[0;39m [2m---[0;39m [2m[           main][0;39m [36mo.s.boot.SpringApplication              [0;39m [2m:[0;39m Application run failed
org.springframework.beans.factory.UnsatisfiedDependencyException: Error creating bean with name 'securityConfig' defined in file [C:\Users\tooth47348\Downloads\integration\integration\backend\build\classes\java\main\Integration\integration\config\SecurityConfig.class]: Unsatisfied dependency expressed through constructor parameter 0: Error creating bean with name 'jwtTokenProvider': Injection of autowired dependencies failed
	at org.springframework.beans.factory.support.ConstructorResolver.createArgumentArray(ConstructorResolver.java:804)
	at org.springframework.beans.factory.support.ConstructorResolver.autowireConstructor(ConstructorResolver.java:240)
	at org.springframework.beans.factory.support.AbstractAutowireCapableBeanFactory.autowireConstructor(AbstractAutowireCapableBeanFactory.java:1395)
	at org.springframework.beans.factory.support.AbstractAutowireCapableBeanFactory.createBeanInstance(AbstractAutowireCapableBeanFactory.java:1232)
	at org.springframework.beans.factory.support.AbstractAutowireCapableBeanFactory.doCreateBean(AbstractAutowireCapableBeanFactory.java:569)
	at org.springframework.beans.factory.support.AbstractAutowireCapableBeanFactory.createBean(AbstractAutowireCapableBeanFactory.java:529)
	at org.springframework.beans.factory.support.AbstractBeanFactory.lambda$doGetBean$0(AbstractBeanFactory.java:339)
	at org.springframework.beans.factory.support.DefaultSingletonBeanRegistry.getSingleton(DefaultSingletonBeanRegistry.java:373)
	at org.springframework.beans.factory.support.AbstractBeanFactory.doGetBean(AbstractBeanFactory.java:337)
	at org.springframework.beans.factory.support.AbstractBeanFactory.getBean(AbstractBeanFactory.java:202)
	at org.springframework.beans.factory.support.DefaultListableBeanFactory.instantiateSingleton(DefaultListableBeanFactory.java:1222)
	at org.springframework.beans.factory.support.DefaultListableBeanFactory.preInstantiateSingleton(DefaultListableBeanFactory.java:1188)
	at org.springframework.beans.factory.support.DefaultListableBeanFactory.preInstantiateSingletons(DefaultListableBeanFactory.java:1123)
	at org.springframework.context.support.AbstractApplicationContext.finishBeanFactoryInitialization(AbstractApplicationContext.java:987)
	at org.springframework.context.support.AbstractApplicationContext.refresh(AbstractApplicationContext.java:627)
	at org.springframework.boot.web.servlet.context.ServletWebServerApplicationContext.refresh(ServletWebServerApplicationContext.java:146)
	at org.springframework.boot.SpringApplication.refresh(SpringApplication.java:752)
	at org.springframework.boot.SpringApplication.refreshContext(SpringApplication.java:439)
	at org.springframework.boot.SpringApplication.run(SpringApplication.java:318)
	at org.springframework.boot.SpringApplication.run(SpringApplication.java:1361)
	at org.springframework.boot.SpringApplication.run(SpringApplication.java:1350)
	at Integration.integration.IntegrationApplication.main(IntegrationApplication.java:10)
Caused by: org.springframework.beans.factory.BeanCreationException: Error creating bean with name 'jwtTokenProvider': Injection of autowired dependencies failed
	at org.springframework.beans.factory.annotation.AutowiredAnnotationBeanPostProcessor.postProcessProperties(AutowiredAnnotationBeanPostProcessor.java:515)
	at org.springframework.beans.factory.support.AbstractAutowireCapableBeanFactory.populateBean(AbstractAutowireCapableBeanFactory.java:1459)
	at org.springframework.beans.factory.support.AbstractAutowireCapableBeanFactory.doCreateBean(AbstractAutowireCapableBeanFactory.java:606)
	at org.springframework.beans.factory.support.AbstractAutowireCapableBeanFactory.createBean(AbstractAutowireCapableBeanFactory.java:529)
	at org.springframework.beans.factory.support.AbstractBeanFactory.lambda$doGetBean$0(AbstractBeanFactory.java:339)
	at org.springframework.beans.factory.support.DefaultSingletonBeanRegistry.getSingleton(DefaultSingletonBeanRegistry.java:373)
	at org.springframework.beans.factory.support.AbstractBeanFactory.doGetBean(AbstractBeanFactory.java:337)
	at org.springframework.beans.factory.support.AbstractBeanFactory.getBean(AbstractBeanFactory.java:202)
	at org.springframework.beans.factory.support.DefaultListableBeanFactory.doResolveDependency(DefaultListableBeanFactory.java:1683)
	at org.springframework.beans.factory.support.DefaultListableBeanFactory.resolveDependency(DefaultListableBeanFactory.java:1628)
	at org.springframework.beans.factory.support.ConstructorResolver.resolveAutowiredArgument(ConstructorResolver.java:913)
	at org.springframework.beans.factory.support.ConstructorResolver.createArgumentArray(ConstructorResolver.java:791)
	... 21 common frames omitted
Caused by: org.springframework.util.PlaceholderResolutionException: Could not resolve placeholder 'JWT_SECRET' in value "${JWT_SECRET}" <-- "${jwt.secret}"
	at org.springframework.util.PlaceholderResolutionException.withValue(PlaceholderResolutionException.java:81)
	at org.springframework.util.PlaceholderParser$ParsedValue.resolve(PlaceholderParser.java:423)
	at org.springframework.util.PlaceholderParser.replacePlaceholders(PlaceholderParser.java:128)
	at org.springframework.util.PropertyPlaceholderHelper.parseStringValue(PropertyPlaceholderHelper.java:118)
	at org.springframework.util.PropertyPlaceholderHelper.replacePlaceholders(PropertyPlaceholderHelper.java:114)
	at org.springframework.core.env.AbstractPropertyResolver.doResolvePlaceholders(AbstractPropertyResolver.java:293)
	at org.springframework.core.env.AbstractPropertyResolver.resolveRequiredPlaceholders(AbstractPropertyResolver.java:264)
	at org.springframework.context.support.PropertySourcesPlaceholderConfigurer.lambda$processProperties$0(PropertySourcesPlaceholderConfigurer.java:186)
	at org.springframework.beans.factory.support.AbstractBeanFactory.resolveEmbeddedValue(AbstractBeanFactory.java:971)
	at org.springframework.beans.factory.support.DefaultListableBeanFactory.doResolveDependency(DefaultListableBeanFactory.java:1650)
	at org.springframework.beans.factory.support.DefaultListableBeanFactory.resolveDependency(DefaultListableBeanFactory.java:1628)
	at org.springframework.beans.factory.annotation.AutowiredAnnotationBeanPostProcessor$AutowiredFieldElement.resolveFieldValue(AutowiredAnnotationBeanPostProcessor.java:785)
	at org.springframework.beans.factory.annotation.AutowiredAnnotationBeanPostProcessor$AutowiredFieldElement.inject(AutowiredAnnotationBeanPostProcessor.java:768)
	at org.springframework.beans.factory.annotation.InjectionMetadata.inject(InjectionMetadata.java:146)
	at org.springframework.beans.factory.annotation.AutowiredAnnotationBeanPostProcessor.postProcessProperties(AutowiredAnnotationBeanPostProcessor.java:509)
	... 32 common frames omitted
[2025-07-20 00:44:16:475] [32mINFO [0;39m [35m3264[0;39m [2m---[0;39m [2m[kground-preinit][0;39m [36mo.h.validator.internal.util.Version     [0;39m [2m:[0;39m HV000001: Hibernate Validator 8.0.1.Final
[2025-07-20 00:44:16:514] [32mINFO [0;39m [35m3264[0;39m [2m---[0;39m [2m[           main][0;39m [36mI.integration.IntegrationApplication    [0;39m [2m:[0;39m Starting IntegrationApplication using Java 17.0.12 with PID 3264 (C:\Users\tooth47348\Downloads\integration\integration\backend\build\classes\java\main started by tooth47348 in C:\Users\tooth47348\Downloads\integration\integration\backend)
[2025-07-20 00:44:16:515] [32mINFO [0;39m [35m3264[0;39m [2m---[0;39m [2m[           main][0;39m [36mI.integration.IntegrationApplication    [0;39m [2m:[0;39m No active profile set, falling back to 1 default profile: "default"
[2025-07-20 00:44:16:1015] [32mINFO [0;39m [35m3264[0;39m [2m---[0;39m [2m[           main][0;39m [36m.s.d.r.c.RepositoryConfigurationDelegate[0;39m [2m:[0;39m Multiple Spring Data modules found, entering strict repository configuration mode
[2025-07-20 00:44:16:1016] [32mINFO [0;39m [35m3264[0;39m [2m---[0;39m [2m[           main][0;39m [36m.s.d.r.c.RepositoryConfigurationDelegate[0;39m [2m:[0;39m Bootstrapping Spring Data JPA repositories in DEFAULT mode.
[2025-07-20 00:44:16:1113] [32mINFO [0;39m [35m3264[0;39m [2m---[0;39m [2m[           main][0;39m [36m.s.d.r.c.RepositoryConfigurationDelegate[0;39m [2m:[0;39m Finished Spring Data repository scanning in 90 ms. Found 1 JPA repository interface.
[2025-07-20 00:44:16:1128] [32mINFO [0;39m [35m3264[0;39m [2m---[0;39m [2m[           main][0;39m [36m.s.d.r.c.RepositoryConfigurationDelegate[0;39m [2m:[0;39m Multiple Spring Data modules found, entering strict repository configuration mode
[2025-07-20 00:44:16:1129] [32mINFO [0;39m [35m3264[0;39m [2m---[0;39m [2m[           main][0;39m [36m.s.d.r.c.RepositoryConfigurationDelegate[0;39m [2m:[0;39m Bootstrapping Spring Data Redis repositories in DEFAULT mode.
[2025-07-20 00:44:16:1139] [32mINFO [0;39m [35m3264[0;39m [2m---[0;39m [2m[           main][0;39m [36m.RepositoryConfigurationExtensionSupport[0;39m [2m:[0;39m Spring Data Redis - Could not safely identify store assignment for repository candidate interface Integration.integration.repository.UsersRepository; If you want this repository to be a Redis repository, consider annotating your entities with one of these annotations: org.springframework.data.redis.core.RedisHash (preferred), or consider extending one of the following types with your repository: org.springframework.data.keyvalue.repository.KeyValueRepository
[2025-07-20 00:44:16:1140] [32mINFO [0;39m [35m3264[0;39m [2m---[0;39m [2m[           main][0;39m [36m.s.d.r.c.RepositoryConfigurationDelegate[0;39m [2m:[0;39m Finished Spring Data repository scanning in 3 ms. Found 0 Redis repository interfaces.
[2025-07-20 00:44:17:1498] [32mINFO [0;39m [35m3264[0;39m [2m---[0;39m [2m[           main][0;39m [36mo.s.b.w.e.tomcat.TomcatWebServer        [0;39m [2m:[0;39m Tomcat initialized with port 8080 (http)
[2025-07-20 00:44:17:1507] [32mINFO [0;39m [35m3264[0;39m [2m---[0;39m [2m[           main][0;39m [36mo.a.coyote.http11.Http11NioProtocol     [0;39m [2m:[0;39m Initializing ProtocolHandler ["http-nio-8080"]
[2025-07-20 00:44:17:1508] [32mINFO [0;39m [35m3264[0;39m [2m---[0;39m [2m[           main][0;39m [36mo.a.catalina.core.StandardService       [0;39m [2m:[0;39m Starting service [Tomcat]
[2025-07-20 00:44:17:1508] [32mINFO [0;39m [35m3264[0;39m [2m---[0;39m [2m[           main][0;39m [36mo.a.catalina.core.StandardEngine        [0;39m [2m:[0;39m Starting Servlet engine: [Apache Tomcat/10.1.42]
[2025-07-20 00:44:17:1557] [32mINFO [0;39m [35m3264[0;39m [2m---[0;39m [2m[           main][0;39m [36mo.a.c.c.C.[Tomcat].[localhost].[/]      [0;39m [2m:[0;39m Initializing Spring embedded WebApplicationContext
[2025-07-20 00:44:17:1557] [32mINFO [0;39m [35m3264[0;39m [2m---[0;39m [2m[           main][0;39m [36mw.s.c.ServletWebServerApplicationContext[0;39m [2m:[0;39m Root WebApplicationContext: initialization completed in 1016 ms
[2025-07-20 00:44:17:1666] [32mINFO [0;39m [35m3264[0;39m [2m---[0;39m [2m[           main][0;39m [36mo.h.jpa.internal.util.LogHelper         [0;39m [2m:[0;39m HHH000204: Processing PersistenceUnitInfo [name: default]
[2025-07-20 00:44:17:1702] [32mINFO [0;39m [35m3264[0;39m [2m---[0;39m [2m[           main][0;39m [36morg.hibernate.Version                   [0;39m [2m:[0;39m HHH000412: Hibernate ORM core version 6.6.18.Final
[2025-07-20 00:44:17:1729] [32mINFO [0;39m [35m3264[0;39m [2m---[0;39m [2m[           main][0;39m [36mo.h.c.i.RegionFactoryInitiator          [0;39m [2m:[0;39m HHH000026: Second-level cache disabled
[2025-07-20 00:44:17:1927] [32mINFO [0;39m [35m3264[0;39m [2m---[0;39m [2m[           main][0;39m [36mo.s.o.j.p.SpringPersistenceUnitInfo     [0;39m [2m:[0;39m No LoadTimeWeaver setup: ignoring JPA class transformer
[2025-07-20 00:44:17:1950] [32mINFO [0;39m [35m3264[0;39m [2m---[0;39m [2m[           main][0;39m [36mcom.zaxxer.hikari.HikariDataSource      [0;39m [2m:[0;39m HikariPool-1 - Starting...
[2025-07-20 00:44:17:2056] [32mINFO [0;39m [35m3264[0;39m [2m---[0;39m [2m[           main][0;39m [36mcom.zaxxer.hikari.pool.HikariPool       [0;39m [2m:[0;39m HikariPool-1 - Added connection org.postgresql.jdbc.PgConnection@76e9eed8
[2025-07-20 00:44:17:2058] [32mINFO [0;39m [35m3264[0;39m [2m---[0;39m [2m[           main][0;39m [36mcom.zaxxer.hikari.HikariDataSource      [0;39m [2m:[0;39m HikariPool-1 - Start completed.
[2025-07-20 00:44:17:2080] [33mWARN [0;39m [35m3264[0;39m [2m---[0;39m [2m[           main][0;39m [36morg.hibernate.orm.deprecation           [0;39m [2m:[0;39m HHH90000025: PostgreSQLDialect does not need to be specified explicitly using 'hibernate.dialect' (remove the property setting and it will be selected by default)
[2025-07-20 00:44:17:2094] [32mINFO [0;39m [35m3264[0;39m [2m---[0;39m [2m[           main][0;39m [36mo.hibernate.orm.connections.pooling     [0;39m [2m:[0;39m HHH10001005: Database info:
	Database JDBC URL [Connecting through datasource 'HikariDataSource (HikariPool-1)']
	Database driver: undefined/unknown
	Database version: 17.5
	Autocommit mode: undefined/unknown
	Isolation level: undefined/unknown
	Minimum pool size: undefined/unknown
	Maximum pool size: undefined/unknown
[2025-07-20 00:44:18:2674] [32mINFO [0;39m [35m3264[0;39m [2m---[0;39m [2m[           main][0;39m [36mo.h.e.t.j.p.i.JtaPlatformInitiator      [0;39m [2m:[0;39m HHH000489: No JTA platform available (set 'hibernate.transaction.jta.platform' to enable JTA platform integration)
[2025-07-20 00:44:18:2704] [32mINFO [0;39m [35m3264[0;39m [2m---[0;39m [2m[           main][0;39m [36mj.LocalContainerEntityManagerFactoryBean[0;39m [2m:[0;39m Initialized JPA EntityManagerFactory for persistence unit 'default'
[2025-07-20 00:44:18:2711] [33mWARN [0;39m [35m3264[0;39m [2m---[0;39m [2m[           main][0;39m [36mConfigServletWebServerApplicationContext[0;39m [2m:[0;39m Exception encountered during context initialization - cancelling refresh attempt: org.springframework.beans.factory.UnsatisfiedDependencyException: Error creating bean with name 'securityConfig' defined in file [C:\Users\tooth47348\Downloads\integration\integration\backend\build\classes\java\main\Integration\integration\config\SecurityConfig.class]: Unsatisfied dependency expressed through constructor parameter 0: Error creating bean with name 'jwtTokenProvider': Injection of autowired dependencies failed
[2025-07-20 00:44:18:2711] [32mINFO [0;39m [35m3264[0;39m [2m---[0;39m [2m[           main][0;39m [36mj.LocalContainerEntityManagerFactoryBean[0;39m [2m:[0;39m Closing JPA EntityManagerFactory for persistence unit 'default'
[2025-07-20 00:44:18:2713] [32mINFO [0;39m [35m3264[0;39m [2m---[0;39m [2m[           main][0;39m [36mcom.zaxxer.hikari.HikariDataSource      [0;39m [2m:[0;39m HikariPool-1 - Shutdown initiated...
[2025-07-20 00:44:18:2714] [32mINFO [0;39m [35m3264[0;39m [2m---[0;39m [2m[           main][0;39m [36mcom.zaxxer.hikari.HikariDataSource      [0;39m [2m:[0;39m HikariPool-1 - Shutdown completed.
[2025-07-20 00:44:18:2715] [32mINFO [0;39m [35m3264[0;39m [2m---[0;39m [2m[           main][0;39m [36mo.a.catalina.core.StandardService       [0;39m [2m:[0;39m Stopping service [Tomcat]
[2025-07-20 00:44:18:2723] [32mINFO [0;39m [35m3264[0;39m [2m---[0;39m [2m[           main][0;39m [36m.s.b.a.l.ConditionEvaluationReportLogger[0;39m [2m:[0;39m 

Error starting ApplicationContext. To display the condition evaluation report re-run your application with 'debug' enabled.
[2025-07-20 00:44:18:2735] [31mERROR[0;39m [35m3264[0;39m [2m---[0;39m [2m[           main][0;39m [36mo.s.boot.SpringApplication              [0;39m [2m:[0;39m Application run failed
org.springframework.beans.factory.UnsatisfiedDependencyException: Error creating bean with name 'securityConfig' defined in file [C:\Users\tooth47348\Downloads\integration\integration\backend\build\classes\java\main\Integration\integration\config\SecurityConfig.class]: Unsatisfied dependency expressed through constructor parameter 0: Error creating bean with name 'jwtTokenProvider': Injection of autowired dependencies failed
	at org.springframework.beans.factory.support.ConstructorResolver.createArgumentArray(ConstructorResolver.java:804)
	at org.springframework.beans.factory.support.ConstructorResolver.autowireConstructor(ConstructorResolver.java:240)
	at org.springframework.beans.factory.support.AbstractAutowireCapableBeanFactory.autowireConstructor(AbstractAutowireCapableBeanFactory.java:1395)
	at org.springframework.beans.factory.support.AbstractAutowireCapableBeanFactory.createBeanInstance(AbstractAutowireCapableBeanFactory.java:1232)
	at org.springframework.beans.factory.support.AbstractAutowireCapableBeanFactory.doCreateBean(AbstractAutowireCapableBeanFactory.java:569)
	at org.springframework.beans.factory.support.AbstractAutowireCapableBeanFactory.createBean(AbstractAutowireCapableBeanFactory.java:529)
	at org.springframework.beans.factory.support.AbstractBeanFactory.lambda$doGetBean$0(AbstractBeanFactory.java:339)
	at org.springframework.beans.factory.support.DefaultSingletonBeanRegistry.getSingleton(DefaultSingletonBeanRegistry.java:373)
	at org.springframework.beans.factory.support.AbstractBeanFactory.doGetBean(AbstractBeanFactory.java:337)
	at org.springframework.beans.factory.support.AbstractBeanFactory.getBean(AbstractBeanFactory.java:202)
	at org.springframework.beans.factory.support.DefaultListableBeanFactory.instantiateSingleton(DefaultListableBeanFactory.java:1222)
	at org.springframework.beans.factory.support.DefaultListableBeanFactory.preInstantiateSingleton(DefaultListableBeanFactory.java:1188)
	at org.springframework.beans.factory.support.DefaultListableBeanFactory.preInstantiateSingletons(DefaultListableBeanFactory.java:1123)
	at org.springframework.context.support.AbstractApplicationContext.finishBeanFactoryInitialization(AbstractApplicationContext.java:987)
	at org.springframework.context.support.AbstractApplicationContext.refresh(AbstractApplicationContext.java:627)
	at org.springframework.boot.web.servlet.context.ServletWebServerApplicationContext.refresh(ServletWebServerApplicationContext.java:146)
	at org.springframework.boot.SpringApplication.refresh(SpringApplication.java:752)
	at org.springframework.boot.SpringApplication.refreshContext(SpringApplication.java:439)
	at org.springframework.boot.SpringApplication.run(SpringApplication.java:318)
	at org.springframework.boot.SpringApplication.run(SpringApplication.java:1361)
	at org.springframework.boot.SpringApplication.run(SpringApplication.java:1350)
	at Integration.integration.IntegrationApplication.main(IntegrationApplication.java:10)
Caused by: org.springframework.beans.factory.BeanCreationException: Error creating bean with name 'jwtTokenProvider': Injection of autowired dependencies failed
	at org.springframework.beans.factory.annotation.AutowiredAnnotationBeanPostProcessor.postProcessProperties(AutowiredAnnotationBeanPostProcessor.java:515)
	at org.springframework.beans.factory.support.AbstractAutowireCapableBeanFactory.populateBean(AbstractAutowireCapableBeanFactory.java:1459)
	at org.springframework.beans.factory.support.AbstractAutowireCapableBeanFactory.doCreateBean(AbstractAutowireCapableBeanFactory.java:606)
	at org.springframework.beans.factory.support.AbstractAutowireCapableBeanFactory.createBean(AbstractAutowireCapableBeanFactory.java:529)
	at org.springframework.beans.factory.support.AbstractBeanFactory.lambda$doGetBean$0(AbstractBeanFactory.java:339)
	at org.springframework.beans.factory.support.DefaultSingletonBeanRegistry.getSingleton(DefaultSingletonBeanRegistry.java:373)
	at org.springframework.beans.factory.support.AbstractBeanFactory.doGetBean(AbstractBeanFactory.java:337)
	at org.springframework.beans.factory.support.AbstractBeanFactory.getBean(AbstractBeanFactory.java:202)
	at org.springframework.beans.factory.support.DefaultListableBeanFactory.doResolveDependency(DefaultListableBeanFactory.java:1683)
	at org.springframework.beans.factory.support.DefaultListableBeanFactory.resolveDependency(DefaultListableBeanFactory.java:1628)
	at org.springframework.beans.factory.support.ConstructorResolver.resolveAutowiredArgument(ConstructorResolver.java:913)
	at org.springframework.beans.factory.support.ConstructorResolver.createArgumentArray(ConstructorResolver.java:791)
	... 21 common frames omitted
Caused by: org.springframework.util.PlaceholderResolutionException: Could not resolve placeholder 'JWT_SECRET' in value "${JWT_SECRET}" <-- "${jwt.secret}"
	at org.springframework.util.PlaceholderResolutionException.withValue(PlaceholderResolutionException.java:81)
	at org.springframework.util.PlaceholderParser$ParsedValue.resolve(PlaceholderParser.java:423)
	at org.springframework.util.PlaceholderParser.replacePlaceholders(PlaceholderParser.java:128)
	at org.springframework.util.PropertyPlaceholderHelper.parseStringValue(PropertyPlaceholderHelper.java:118)
	at org.springframework.util.PropertyPlaceholderHelper.replacePlaceholders(PropertyPlaceholderHelper.java:114)
	at org.springframework.core.env.AbstractPropertyResolver.doResolvePlaceholders(AbstractPropertyResolver.java:293)
	at org.springframework.core.env.AbstractPropertyResolver.resolveRequiredPlaceholders(AbstractPropertyResolver.java:264)
	at org.springframework.context.support.PropertySourcesPlaceholderConfigurer.lambda$processProperties$0(PropertySourcesPlaceholderConfigurer.java:186)
	at org.springframework.beans.factory.support.AbstractBeanFactory.resolveEmbeddedValue(AbstractBeanFactory.java:971)
	at org.springframework.beans.factory.support.DefaultListableBeanFactory.doResolveDependency(DefaultListableBeanFactory.java:1650)
	at org.springframework.beans.factory.support.DefaultListableBeanFactory.resolveDependency(DefaultListableBeanFactory.java:1628)
	at org.springframework.beans.factory.annotation.AutowiredAnnotationBeanPostProcessor$AutowiredFieldElement.resolveFieldValue(AutowiredAnnotationBeanPostProcessor.java:785)
	at org.springframework.beans.factory.annotation.AutowiredAnnotationBeanPostProcessor$AutowiredFieldElement.inject(AutowiredAnnotationBeanPostProcessor.java:768)
	at org.springframework.beans.factory.annotation.InjectionMetadata.inject(InjectionMetadata.java:146)
	at org.springframework.beans.factory.annotation.AutowiredAnnotationBeanPostProcessor.postProcessProperties(AutowiredAnnotationBeanPostProcessor.java:509)
	... 32 common frames omitted
[2025-07-20 00:45:46:427] [32mINFO [0;39m [35m4600[0;39m [2m---[0;39m [2m[kground-preinit][0;39m [36mo.h.validator.internal.util.Version     [0;39m [2m:[0;39m HV000001: Hibernate Validator 8.0.1.Final
[2025-07-20 00:45:46:462] [32mINFO [0;39m [35m4600[0;39m [2m---[0;39m [2m[           main][0;39m [36mI.integration.IntegrationApplication    [0;39m [2m:[0;39m Starting IntegrationApplication using Java 17.0.12 with PID 4600 (C:\Users\tooth47348\Downloads\integration\integration\backend\build\classes\java\main started by tooth47348 in C:\Users\tooth47348\Downloads\integration\integration\backend)
[2025-07-20 00:45:46:463] [32mINFO [0;39m [35m4600[0;39m [2m---[0;39m [2m[           main][0;39m [36mI.integration.IntegrationApplication    [0;39m [2m:[0;39m No active profile set, falling back to 1 default profile: "default"
[2025-07-20 00:45:47:938] [32mINFO [0;39m [35m4600[0;39m [2m---[0;39m [2m[           main][0;39m [36m.s.d.r.c.RepositoryConfigurationDelegate[0;39m [2m:[0;39m Multiple Spring Data modules found, entering strict repository configuration mode
[2025-07-20 00:45:47:939] [32mINFO [0;39m [35m4600[0;39m [2m---[0;39m [2m[           main][0;39m [36m.s.d.r.c.RepositoryConfigurationDelegate[0;39m [2m:[0;39m Bootstrapping Spring Data JPA repositories in DEFAULT mode.
[2025-07-20 00:45:47:1039] [32mINFO [0;39m [35m4600[0;39m [2m---[0;39m [2m[           main][0;39m [36m.s.d.r.c.RepositoryConfigurationDelegate[0;39m [2m:[0;39m Finished Spring Data repository scanning in 93 ms. Found 1 JPA repository interface.
[2025-07-20 00:45:47:1055] [32mINFO [0;39m [35m4600[0;39m [2m---[0;39m [2m[           main][0;39m [36m.s.d.r.c.RepositoryConfigurationDelegate[0;39m [2m:[0;39m Multiple Spring Data modules found, entering strict repository configuration mode
[2025-07-20 00:45:47:1056] [32mINFO [0;39m [35m4600[0;39m [2m---[0;39m [2m[           main][0;39m [36m.s.d.r.c.RepositoryConfigurationDelegate[0;39m [2m:[0;39m Bootstrapping Spring Data Redis repositories in DEFAULT mode.
[2025-07-20 00:45:47:1065] [32mINFO [0;39m [35m4600[0;39m [2m---[0;39m [2m[           main][0;39m [36m.RepositoryConfigurationExtensionSupport[0;39m [2m:[0;39m Spring Data Redis - Could not safely identify store assignment for repository candidate interface Integration.integration.repository.UsersRepository; If you want this repository to be a Redis repository, consider annotating your entities with one of these annotations: org.springframework.data.redis.core.RedisHash (preferred), or consider extending one of the following types with your repository: org.springframework.data.keyvalue.repository.KeyValueRepository
[2025-07-20 00:45:47:1065] [32mINFO [0;39m [35m4600[0;39m [2m---[0;39m [2m[           main][0;39m [36m.s.d.r.c.RepositoryConfigurationDelegate[0;39m [2m:[0;39m Finished Spring Data repository scanning in 3 ms. Found 0 Redis repository interfaces.
[2025-07-20 00:45:47:1392] [32mINFO [0;39m [35m4600[0;39m [2m---[0;39m [2m[           main][0;39m [36mo.s.b.w.e.tomcat.TomcatWebServer        [0;39m [2m:[0;39m Tomcat initialized with port 8080 (http)
[2025-07-20 00:45:47:1400] [32mINFO [0;39m [35m4600[0;39m [2m---[0;39m [2m[           main][0;39m [36mo.a.coyote.http11.Http11NioProtocol     [0;39m [2m:[0;39m Initializing ProtocolHandler ["http-nio-8080"]
[2025-07-20 00:45:47:1402] [32mINFO [0;39m [35m4600[0;39m [2m---[0;39m [2m[           main][0;39m [36mo.a.catalina.core.StandardService       [0;39m [2m:[0;39m Starting service [Tomcat]
[2025-07-20 00:45:47:1402] [32mINFO [0;39m [35m4600[0;39m [2m---[0;39m [2m[           main][0;39m [36mo.a.catalina.core.StandardEngine        [0;39m [2m:[0;39m Starting Servlet engine: [Apache Tomcat/10.1.42]
[2025-07-20 00:45:47:1451] [32mINFO [0;39m [35m4600[0;39m [2m---[0;39m [2m[           main][0;39m [36mo.a.c.c.C.[Tomcat].[localhost].[/]      [0;39m [2m:[0;39m Initializing Spring embedded WebApplicationContext
[2025-07-20 00:45:47:1451] [32mINFO [0;39m [35m4600[0;39m [2m---[0;39m [2m[           main][0;39m [36mw.s.c.ServletWebServerApplicationContext[0;39m [2m:[0;39m Root WebApplicationContext: initialization completed in 962 ms
[2025-07-20 00:45:47:1552] [32mINFO [0;39m [35m4600[0;39m [2m---[0;39m [2m[           main][0;39m [36mo.h.jpa.internal.util.LogHelper         [0;39m [2m:[0;39m HHH000204: Processing PersistenceUnitInfo [name: default]
[2025-07-20 00:45:48:1584] [32mINFO [0;39m [35m4600[0;39m [2m---[0;39m [2m[           main][0;39m [36morg.hibernate.Version                   [0;39m [2m:[0;39m HHH000412: Hibernate ORM core version 6.6.18.Final
[2025-07-20 00:45:48:1608] [32mINFO [0;39m [35m4600[0;39m [2m---[0;39m [2m[           main][0;39m [36mo.h.c.i.RegionFactoryInitiator          [0;39m [2m:[0;39m HHH000026: Second-level cache disabled
[2025-07-20 00:45:48:1809] [32mINFO [0;39m [35m4600[0;39m [2m---[0;39m [2m[           main][0;39m [36mo.s.o.j.p.SpringPersistenceUnitInfo     [0;39m [2m:[0;39m No LoadTimeWeaver setup: ignoring JPA class transformer
[2025-07-20 00:45:48:1829] [32mINFO [0;39m [35m4600[0;39m [2m---[0;39m [2m[           main][0;39m [36mcom.zaxxer.hikari.HikariDataSource      [0;39m [2m:[0;39m HikariPool-1 - Starting...
[2025-07-20 00:45:48:1932] [32mINFO [0;39m [35m4600[0;39m [2m---[0;39m [2m[           main][0;39m [36mcom.zaxxer.hikari.pool.HikariPool       [0;39m [2m:[0;39m HikariPool-1 - Added connection org.postgresql.jdbc.PgConnection@3eb0fd88
[2025-07-20 00:45:48:1933] [32mINFO [0;39m [35m4600[0;39m [2m---[0;39m [2m[           main][0;39m [36mcom.zaxxer.hikari.HikariDataSource      [0;39m [2m:[0;39m HikariPool-1 - Start completed.
[2025-07-20 00:45:48:1956] [33mWARN [0;39m [35m4600[0;39m [2m---[0;39m [2m[           main][0;39m [36morg.hibernate.orm.deprecation           [0;39m [2m:[0;39m HHH90000025: PostgreSQLDialect does not need to be specified explicitly using 'hibernate.dialect' (remove the property setting and it will be selected by default)
[2025-07-20 00:45:48:1969] [32mINFO [0;39m [35m4600[0;39m [2m---[0;39m [2m[           main][0;39m [36mo.hibernate.orm.connections.pooling     [0;39m [2m:[0;39m HHH10001005: Database info:
	Database JDBC URL [Connecting through datasource 'HikariDataSource (HikariPool-1)']
	Database driver: undefined/unknown
	Database version: 17.5
	Autocommit mode: undefined/unknown
	Isolation level: undefined/unknown
	Minimum pool size: undefined/unknown
	Maximum pool size: undefined/unknown
[2025-07-20 00:45:48:2530] [32mINFO [0;39m [35m4600[0;39m [2m---[0;39m [2m[           main][0;39m [36mo.h.e.t.j.p.i.JtaPlatformInitiator      [0;39m [2m:[0;39m HHH000489: No JTA platform available (set 'hibernate.transaction.jta.platform' to enable JTA platform integration)
[2025-07-20 00:45:48:2562] [32mINFO [0;39m [35m4600[0;39m [2m---[0;39m [2m[           main][0;39m [36mj.LocalContainerEntityManagerFactoryBean[0;39m [2m:[0;39m Initialized JPA EntityManagerFactory for persistence unit 'default'
[2025-07-20 00:45:49:3066] [33mWARN [0;39m [35m4600[0;39m [2m---[0;39m [2m[           main][0;39m [36mJpaBaseConfiguration$JpaWebConfiguration[0;39m [2m:[0;39m spring.jpa.open-in-view is enabled by default. Therefore, database queries may be performed during view rendering. Explicitly configure spring.jpa.open-in-view to disable this warning
[2025-07-20 00:45:49:3187] [32mINFO [0;39m [35m4600[0;39m [2m---[0;39m [2m[           main][0;39m [36mr$InitializeUserDetailsManagerConfigurer[0;39m [2m:[0;39m Global AuthenticationManager configured with UserDetailsService bean with name customUsersDetailsService
[2025-07-20 00:45:49:3468] [32mINFO [0;39m [35m4600[0;39m [2m---[0;39m [2m[           main][0;39m [36mo.a.coyote.http11.Http11NioProtocol     [0;39m [2m:[0;39m Starting ProtocolHandler ["http-nio-8080"]
[2025-07-20 00:45:49:3480] [32mINFO [0;39m [35m4600[0;39m [2m---[0;39m [2m[           main][0;39m [36mo.s.b.w.e.tomcat.TomcatWebServer        [0;39m [2m:[0;39m Tomcat started on port 8080 (http) with context path '/'
[2025-07-20 00:45:49:3487] [32mINFO [0;39m [35m4600[0;39m [2m---[0;39m [2m[           main][0;39m [36mI.integration.IntegrationApplication    [0;39m [2m:[0;39m Started IntegrationApplication in 3.404 seconds (process running for 3.798)
[2025-07-20 00:47:17:91354] [32mINFO [0;39m [35m4600[0;39m [2m---[0;39m [2m[ionShutdownHook][0;39m [36mo.s.b.w.e.tomcat.GracefulShutdown       [0;39m [2m:[0;39m Commencing graceful shutdown. Waiting for active requests to complete
[2025-07-20 00:47:17:91392] [32mINFO [0;39m [35m4600[0;39m [2m---[0;39m [2m[tomcat-shutdown][0;39m [36mo.s.b.w.e.tomcat.GracefulShutdown       [0;39m [2m:[0;39m Graceful shutdown complete
[2025-07-20 00:47:17:91406] [32mINFO [0;39m [35m4600[0;39m [2m---[0;39m [2m[ionShutdownHook][0;39m [36mj.LocalContainerEntityManagerFactoryBean[0;39m [2m:[0;39m Closing JPA EntityManagerFactory for persistence unit 'default'
[2025-07-20 00:47:17:91407] [32mINFO [0;39m [35m4600[0;39m [2m---[0;39m [2m[ionShutdownHook][0;39m [36mcom.zaxxer.hikari.HikariDataSource      [0;39m [2m:[0;39m HikariPool-1 - Shutdown initiated...
[2025-07-20 00:47:17:91408] [32mINFO [0;39m [35m4600[0;39m [2m---[0;39m [2m[ionShutdownHook][0;39m [36mcom.zaxxer.hikari.HikariDataSource      [0;39m [2m:[0;39m HikariPool-1 - Shutdown completed.
